\BOOKMARK [1][-]{section.1}{Introduction}{}% 1
\BOOKMARK [2][-]{subsection.1.1}{Models of the Messinian Salinity Crisis}{section.1}% 2
\BOOKMARK [2][-]{subsection.1.2}{The Dead Sea as reference}{section.1}% 3
\BOOKMARK [3][-]{subsubsection.1.2.1}{Vertical stratification in the Dead Sea}{subsection.1.2}% 4
\BOOKMARK [3][-]{subsubsection.1.2.2}{Applicability of the Dead Sea model to the MSC}{subsection.1.2}% 5
\BOOKMARK [2][-]{subsection.1.3}{Marginal basins as agent for stratification}{section.1}% 6
\BOOKMARK [1][-]{section.2}{Methods}{}% 7
\BOOKMARK [2][-]{subsection.2.1}{Model setup and boundary conditions}{section.2}% 8
\BOOKMARK [3][-]{subsubsection.2.1.1}{The box model}{subsection.2.1}% 9
\BOOKMARK [3][-]{subsubsection.2.1.2}{Boundary conditions}{subsection.2.1}% 10
\BOOKMARK [2][-]{subsection.2.2}{Diffusion discretization}{section.2}% 11
\BOOKMARK [2][-]{subsection.2.3}{Column stability}{section.2}% 12
\BOOKMARK [2][-]{subsection.2.4}{Density calculations}{section.2}% 13
\BOOKMARK [2][-]{subsection.2.5}{Source-sink and advection}{section.2}% 14
\BOOKMARK [1][-]{section.3}{Understanding the model}{}% 15
\BOOKMARK [2][-]{subsection.3.1}{Forcing}{section.3}% 16
\BOOKMARK [3][-]{subsubsection.3.1.1}{Results}{subsection.3.1}% 17
\BOOKMARK [3][-]{subsubsection.3.1.2}{Discussion}{subsection.3.1}% 18
\BOOKMARK [2][-]{subsection.3.2}{The transition period as an example of the differences between the two mothods to check instability}{section.3}% 19
\BOOKMARK [3][-]{subsubsection.3.2.1}{Results of the transition case}{subsection.3.2}% 20
\BOOKMARK [3][-]{subsubsection.3.2.2}{Discussion}{subsection.3.2}% 21
\BOOKMARK [2][-]{subsection.3.3}{Summer mixing}{section.3}% 22
\BOOKMARK [3][-]{subsubsection.3.3.1}{Results}{subsection.3.3}% 23
\BOOKMARK [3][-]{subsubsection.3.3.2}{Discussion}{subsection.3.3}% 24
\BOOKMARK [2][-]{subsection.3.4}{Source sink and advection}{section.3}% 25
\BOOKMARK [3][-]{subsubsection.3.4.1}{Results}{subsection.3.4}% 26
\BOOKMARK [3][-]{subsubsection.3.4.2}{Discussion}{subsection.3.4}% 27
\BOOKMARK [1][-]{section.4}{Important factors on the formation of a deep brine}{}% 28
\BOOKMARK [2][-]{subsection.4.1}{Results}{section.4}% 29
\BOOKMARK [3][-]{subsubsection.4.1.1}{Marginal basin depth}{subsection.4.1}% 30
\BOOKMARK [3][-]{subsubsection.4.1.2}{Background diffusivity}{subsection.4.1}% 31
\BOOKMARK [3][-]{subsubsection.4.1.3}{A depth and diffusivity hybrid}{subsection.4.1}% 32
\BOOKMARK [3][-]{subsubsection.4.1.4}{Net Evaporation}{subsection.4.1}% 33
\BOOKMARK [2][-]{subsection.4.2}{Unintended increases and decreases in the total salt and heat content}{section.4}% 34
\BOOKMARK [2][-]{subsection.4.3}{Discussion}{section.4}% 35
\BOOKMARK [3][-]{subsubsection.4.3.1}{Equilibrium}{subsection.4.3}% 36
\BOOKMARK [3][-]{subsubsection.4.3.2}{The cycle of exchanging flow}{subsection.4.3}% 37
\BOOKMARK [3][-]{subsubsection.4.3.3}{Extent of the salt brine}{subsection.4.3}% 38
\BOOKMARK [3][-]{subsubsection.4.3.4}{Buoyancy}{subsection.4.3}% 39
\BOOKMARK [1][-]{section.5}{Conclusion}{}% 40
\BOOKMARK [1][-]{section*.16}{Appendices}{}% 41
\BOOKMARK [1][-]{Appendix.1.A}{Standard parameters}{}% 42
